<?xml version="1.0" encoding="UTF-8" ?>
<testsuite tests="10" failures="0" name="com.smallworld.TransactionDataFetcherTest" time="0.07" errors="0" skipped="0">
  <properties>
[...]
</properties>
  <testcase classname="com.smallworld.TransactionDataFetcherTest" name="testGetTransactionsByBeneficiaryName" time="0.014"/>
  <testcase classname="com.smallworld.TransactionDataFetcherTest" name="testGetMaxTransactionAmount" time="0.003"/>
  <testcase classname="com.smallworld.TransactionDataFetcherTest" name="testGetTotalTransactionAmount" time="0.004"/>
  <testcase classname="com.smallworld.TransactionDataFetcherTest" name="testHasOpenComplianceIssues" time="0.004"/>
  <testcase classname="com.smallworld.TransactionDataFetcherTest" name="testGetTotalTransactionAmountSentBy" time="0.005"/>
  <testcase classname="com.smallworld.TransactionDataFetcherTest" name="testGetTopSender" time="0.007"/>
  <testcase classname="com.smallworld.TransactionDataFetcherTest" name="testGetUnsolvedIssueIds" time="0.004"/>
  <testcase classname="com.smallworld.TransactionDataFetcherTest" name="testGetAllSolvedIssueMessages" time="0.011"/>
  <testcase classname="com.smallworld.TransactionDataFetcherTest" name="testGetTop3TransactionsByAmount" time="0.007"/>
  <testcase classname="com.smallworld.TransactionDataFetcherTest" name="testCountUniqueClients" time="0.011"/>
</testsuite>